This is pdfTeXk, Version 3.141592-1.40.3 (Web2C 7.5.6) (format=latex 2009.11.29)  21 FEB 2010 19:38
entering extended mode
 %&-line parsing enabled.
**./images.tex
(./images.tex
LaTeX2e <2005/12/01>
Babel <v3.8h> and hyphenation patterns for english, usenglishmax, dumylang, noh
yphenation, arabic, basque, bulgarian, coptic, welsh, czech, slovak, german, ng
erman, danish, esperanto, spanish, catalan, galician, estonian, farsi, finnish,
 french, greek, monogreek, ancientgreek, croatian, hungarian, interlingua, ibyc
us, indonesian, icelandic, italian, latin, mongolian, dutch, norsk, polish, por
tuguese, pinyin, romanian, russian, slovenian, uppersorbian, serbian, swedish, 
turkish, ukenglish, ukrainian, loaded.

(/usr/share/texmf/tex/latex/base/article.cls
Document Class: article 2005/09/16 v1.4f Standard LaTeX document class
(/usr/share/texmf/tex/latex/base/size10.clo
File: size10.clo 2005/09/16 v1.4f Standard LaTeX file (size option)
)
\c@part=\count79
\c@section=\count80
\c@subsection=\count81
\c@subsubsection=\count82
\c@paragraph=\count83
\c@subparagraph=\count84
\c@figure=\count85
\c@table=\count86
\abovecaptionskip=\skip41
\belowcaptionskip=\skip42
\bibindent=\dimen102
) (/usr/share/texmf/tex/latex/base/ifthen.sty
Package: ifthen 2001/05/26 v1.1c Standard LaTeX ifthen package (DPC)
) (/usr/share/texmf/tex/latex/ltxmisc/a4wide.sty
Package: a4wide 1994/08/30
(/usr/share/texmf/tex/latex/ntgclass/a4.sty
Package: a4 2004/04/15 v1.2g A4 based page layout
)) (/usr/share/texmf/tex/latex/graphics/graphicx.sty
Package: graphicx 1999/02/16 v1.0f Enhanced LaTeX Graphics (DPC,SPQR)
(/usr/share/texmf/tex/latex/graphics/keyval.sty
Package: keyval 1999/03/16 v1.13 key=value parser (DPC)
\KV@toks@=\toks14
) (/usr/share/texmf/tex/latex/graphics/graphics.sty
Package: graphics 2006/02/20 v1.0o Standard LaTeX Graphics (DPC,SPQR)
(/usr/share/texmf/tex/latex/graphics/trig.sty
Package: trig 1999/03/16 v1.09 sin cos tan (DPC)
) (/usr/share/texmf/tex/latex/config/graphics.cfg
File: graphics.cfg 2007/01/18 v1.5 graphics configuration of teTeX/TeXLive
)
Package graphics Info: Driver file: dvips.def on input line 90.
(/usr/share/texmf/tex/latex/graphics/dvips.def
File: dvips.def 1999/02/16 v3.0i Driver-dependant file (DPC,SPQR)
))
\Gin@req@height=\dimen103
\Gin@req@width=\dimen104
) (/usr/share/texmf/tex/latex/graphics/color.sty
Package: color 2005/11/14 v1.0j Standard LaTeX Color (DPC)
(/usr/share/texmf/tex/latex/config/color.cfg
File: color.cfg 2007/01/18 v1.5 color configuration of teTeX/TeXLive
)
Package color Info: Driver file: dvips.def on input line 130.
(/usr/share/texmf/tex/latex/graphics/dvipsnam.def
File: dvipsnam.def 1999/02/16 v3.0i Driver-dependant file (DPC,SPQR)
)) (/usr/share/texmf/tex/latex/base/inputenc.sty
Package: inputenc 2006/05/05 v1.1b Input encoding file
\inpenc@prehook=\toks15
\inpenc@posthook=\toks16
)
\sizebox=\box26
\lthtmlwrite=\write3

LaTeX Warning: Unused global option(s):
    [9pt].

(./images.aux)
\openout1 = `images.aux'.

LaTeX Font Info:    Checking defaults for OML/cmm/m/it on input line 117.
LaTeX Font Info:    ... okay on input line 117.
LaTeX Font Info:    Checking defaults for T1/cmr/m/n on input line 117.
LaTeX Font Info:    ... okay on input line 117.
LaTeX Font Info:    Checking defaults for OT1/cmr/m/n on input line 117.
LaTeX Font Info:    ... okay on input line 117.
LaTeX Font Info:    Checking defaults for OMS/cmsy/m/n on input line 117.
LaTeX Font Info:    ... okay on input line 117.
LaTeX Font Info:    Checking defaults for OMX/cmex/m/n on input line 117.
LaTeX Font Info:    ... okay on input line 117.
LaTeX Font Info:    Checking defaults for U/cmr/m/n on input line 117.
LaTeX Font Info:    ... okay on input line 117.

latex2htmlLength hsize=349.0pt

latex2htmlLength vsize=713.0pt

latex2htmlLength hoffset=0.0pt

latex2htmlLength voffset=0.0pt

latex2htmlLength topmargin=0.0pt

latex2htmlLength topskip=0.00003pt

latex2htmlLength headheight=0.0pt

latex2htmlLength headsep=0.0pt

latex2htmlLength parskip=0.0pt plus 1.0pt

latex2htmlLength oddsidemargin=18.06749pt

latex2htmlLength evensidemargin=18.06749pt

File: p08.eps Graphic file (type eps)
<p08.eps>
l2hSize :tex2html_wrap1779:427.60185pt::0.0pt::349.0pt.
[1



]
LaTeX Font Info:    External font `cmex10' loaded for size
(Font)              <7> on input line 163.
LaTeX Font Info:    External font `cmex10' loaded for size
(Font)              <5> on input line 163.
l2hSize :tex2html_wrap_inline66:8.0pt::8.0pt::96.05563pt.
[2


]
l2hSize :tex2html_wrap_inline74:6.95831pt::6.95831pt::18.83334pt.
[3


]
l2hSize :tex2html_wrap_inline165:6.95831pt::6.95831pt::36.0555pt.
[4


]
File: p02.eps Graphic file (type eps)
<p02.eps>
l2hSize :tex2html_wrap1809:172.24525pt::0.0pt::349.0pt.
[5


]
File: p06.eps Graphic file (type eps)
<p06.eps>
l2hSize :tex2html_wrap1814:168.63171pt::0.0pt::349.0pt.
[6


]
File: p05.eps Graphic file (type eps)
<p05.eps>
l2hSize :tex2html_wrap1821:258.36787pt::0.0pt::349.0pt.
[7


]
l2hSize :tex2html_wrap_inline235:6.95831pt::6.95831pt::43.8333pt.
[8


]
l2hSize :tex2html_wrap_inline243:8.0pt::8.0pt::96.05563pt.
[9


]
l2hSize :tex2html_wrap_inline245:8.0pt::8.0pt::32.7223pt.
[10


]
l2hSize :tex2html_wrap_inline247:8.0pt::8.0pt::22.72227pt.
[11


]
File: p04.eps Graphic file (type eps)
<p04.eps>
l2hSize :tex2html_wrap1859:270.413pt::0.0pt::349.0pt.
[12


]
File: p07.eps Graphic file (type eps)
<p07.eps>
l2hSize :tex2html_wrap1864:122.25798pt::0.0pt::349.0pt.
[13


]
File: p09.eps Graphic file (type eps)
<p09.eps>
l2hSize :tex2html_wrap1869:269.20848pt::0.0pt::349.0pt.
[14


]
File: p10.eps Graphic file (type eps)
<p10.eps>
l2hSize :tex2html_wrap1874:219.82349pt::0.0pt::349.0pt.
[15


]
l2hSize :tex2html_wrap_inline405:7.44444pt::7.44444pt::201.40596pt.
[16


]
l2hSize :tex2html_wrap_inline415:6.95831pt::6.95831pt::51.6111pt.
[17


]
l2hSize :tex2html_wrap_inline435:8.0pt::8.0pt::91.39264pt.
[18


]
l2hSize :tex2html_wrap_inline590:6.95831pt::6.95831pt::61.31711pt.
[19


]
l2hSize :tex2html_wrap_inline592:6.95831pt::6.95831pt::45.7615pt.
[20


]
l2hSize :tex2html_wrap_inline596:7.44444pt::7.44444pt::95.7836pt.
[21


] (./images.aux) ) 
Here is how much of TeX's memory you used:
 859 strings out of 256217
 11076 string characters out of 1917094
 55144 words of memory out of 1500000
 4177 multiletter control sequences out of 10000+200000
 4567 words of font info for 17 fonts, out of 1200000 for 2000
 645 hyphenation exceptions out of 8191
 25i,5n,19p,185b,201s stack positions out of 5000i,500n,6000p,200000b,15000s

Output written on images.dvi (21 pages, 5100 bytes).
